<?xml version="1.0" encoding="UTF-8"?>
<!-- Generated by org.testng.reporters.JUnitXMLReporter -->
<testsuite ignored="0" hostname="LAPTOP-20TBR864" failures="0" tests="3" name="Default test" time="174.317" errors="0" timestamp="2025-04-08T23:49:02 GMT+07:00">
  <testcase classname="Elements.AlertWindowIframe" name="HandleAlert" time="36.73"/>
  <testcase classname="Elements.AlertWindowIframe" name="HandleWindow" time="29.486"/>
  <testcase classname="Elements.AlertWindowIframe" name="HandleIframe" time="92.67"/>
</testsuite> <!-- Default test -->
