<?xml version="1.0" encoding="UTF-8"?>
<testng-results ignored="0" total="3" passed="3" failed="0" skipped="0">
  <reporter-output>
  </reporter-output>
  <suite started-at="2025-04-08T23:46:08 GMT+07:00" name="Default suite" finished-at="2025-04-08T23:49:02 GMT+07:00" duration-ms="174317">
    <groups>
    </groups>
    <test started-at="2025-04-08T23:46:08 GMT+07:00" name="Default test" finished-at="2025-04-08T23:49:02 GMT+07:00" duration-ms="174317">
      <class name="Elements.AlertWindowIframe">
        <test-method is-config="true" signature="Setup()[pri:0, instance:Elements.AlertWindowIframe@1fa268de]" started-at="2025-04-08T23:46:08 GMT+07:00" name="Setup" finished-at="2025-04-08T23:46:17 GMT+07:00" duration-ms="8969" status="PASS">
          <reporter-output>
          </reporter-output>
        </test-method> <!-- Setup -->
        <test-method signature="HandleAlert()[pri:0, instance:Elements.AlertWindowIframe@1fa268de]" started-at="2025-04-08T23:46:17 GMT+07:00" name="HandleAlert" finished-at="2025-04-08T23:46:53 GMT+07:00" duration-ms="36730" status="PASS">
          <reporter-output>
          </reporter-output>
        </test-method> <!-- HandleAlert -->
        <test-method signature="HandleWindow()[pri:1, instance:Elements.AlertWindowIframe@1fa268de]" started-at="2025-04-08T23:46:53 GMT+07:00" name="HandleWindow" finished-at="2025-04-08T23:47:23 GMT+07:00" duration-ms="29486" status="PASS">
          <reporter-output>
          </reporter-output>
        </test-method> <!-- HandleWindow -->
        <test-method signature="HandleIframe()[pri:2, instance:Elements.AlertWindowIframe@1fa268de]" started-at="2025-04-08T23:47:23 GMT+07:00" name="HandleIframe" finished-at="2025-04-08T23:48:56 GMT+07:00" duration-ms="92670" status="PASS">
          <reporter-output>
          </reporter-output>
        </test-method> <!-- HandleIframe -->
        <test-method is-config="true" signature="TearDown()[pri:0, instance:Elements.AlertWindowIframe@1fa268de]" started-at="2025-04-08T23:48:56 GMT+07:00" name="TearDown" finished-at="2025-04-08T23:49:02 GMT+07:00" duration-ms="6420" status="PASS">
          <reporter-output>
          </reporter-output>
        </test-method> <!-- TearDown -->
      </class> <!-- Elements.AlertWindowIframe -->
    </test> <!-- Default test -->
  </suite> <!-- Default suite -->
</testng-results>
